0 info it worked if it ends with ok
1 verbose cli [ '/home/finom/.nvm/versions/node/v6.3.0/bin/node',
1 verbose cli   '/home/finom/.nvm/versions/node/v6.3.0/bin/npm',
1 verbose cli   'run',
1 verbose cli   'deploy' ]
2 info using npm@3.10.3
3 info using node@v6.3.0
4 verbose run-script [ 'predeploy', 'deploy', 'postdeploy' ]
5 info lifecycle jscompress.com@2.0.0~predeploy: jscompress.com@2.0.0
6 silly lifecycle jscompress.com@2.0.0~predeploy: no script for predeploy, continuing
7 info lifecycle jscompress.com@2.0.0~deploy: jscompress.com@2.0.0
8 verbose lifecycle jscompress.com@2.0.0~deploy: unsafe-perm in lifecycle true
9 verbose lifecycle jscompress.com@2.0.0~deploy: PATH: /home/finom/.nvm/versions/node/v6.3.0/lib/node_modules/npm/bin/node-gyp-bin:/home/finom/Dropbox/Public/sync/todd/jscompress.com/node_modules/.bin:/home/finom/.nvm/versions/node/v6.3.0/bin:/home/finom/.nvm/versions/node/v6.3.0/bin:/usr/local/sbin:/usr/local/bin:/usr/sbin:/usr/bin:/sbin:/bin:/usr/games:/usr/local/games:/snap/bin:/snap/bin
10 verbose lifecycle jscompress.com@2.0.0~deploy: CWD: /home/finom/Dropbox/Public/sync/todd/jscompress.com
11 silly lifecycle jscompress.com@2.0.0~deploy: Args: [ '-c', 'babel-node tools/deploy' ]
12 silly lifecycle jscompress.com@2.0.0~deploy: Returned: code: 1  signal: null
13 info lifecycle jscompress.com@2.0.0~deploy: Failed to exec deploy script
14 verbose stack Error: jscompress.com@2.0.0 deploy: `babel-node tools/deploy`
14 verbose stack Exit status 1
14 verbose stack     at EventEmitter.<anonymous> (/home/finom/.nvm/versions/node/v6.3.0/lib/node_modules/npm/lib/utils/lifecycle.js:242:16)
14 verbose stack     at emitTwo (events.js:106:13)
14 verbose stack     at EventEmitter.emit (events.js:191:7)
14 verbose stack     at ChildProcess.<anonymous> (/home/finom/.nvm/versions/node/v6.3.0/lib/node_modules/npm/lib/utils/spawn.js:40:14)
14 verbose stack     at emitTwo (events.js:106:13)
14 verbose stack     at ChildProcess.emit (events.js:191:7)
14 verbose stack     at maybeClose (internal/child_process.js:852:16)
14 verbose stack     at Process.ChildProcess._handle.onexit (internal/child_process.js:215:5)
15 verbose pkgid jscompress.com@2.0.0
16 verbose cwd /home/finom/Dropbox/Public/sync/todd/jscompress.com
17 error Linux 4.4.0-31-generic
18 error argv "/home/finom/.nvm/versions/node/v6.3.0/bin/node" "/home/finom/.nvm/versions/node/v6.3.0/bin/npm" "run" "deploy"
19 error node v6.3.0
20 error npm  v3.10.3
21 error code ELIFECYCLE
22 error jscompress.com@2.0.0 deploy: `babel-node tools/deploy`
22 error Exit status 1
23 error Failed at the jscompress.com@2.0.0 deploy script 'babel-node tools/deploy'.
23 error Make sure you have the latest version of node.js and npm installed.
23 error If you do, this is most likely a problem with the jscompress.com package,
23 error not with npm itself.
23 error Tell the author that this fails on your system:
23 error     babel-node tools/deploy
23 error You can get information on how to open an issue for this project with:
23 error     npm bugs jscompress.com
23 error Or if that isn't available, you can get their info via:
23 error     npm owner ls jscompress.com
23 error There is likely additional logging output above.
24 verbose exit [ 1, true ]
